<?xml version="1.0" encoding="UTF-8"?>
<!-- Generated by org.testng.reporters.JUnitReportReporter -->
<testsuite hostname="Samsung-PC" failures="0" tests="1" name="ABC_Demo2.TC01_Login" time="14.429" errors="0" timestamp="2020-12-21T12:45:06 IST" skipped="0">
  <testcase classname="ABC_Demo2.TC01_Login" name="Login_Test" time="14.429"/>
  <system-out/>
</testsuite> <!-- ABC_Demo2.TC01_Login -->
