<?xml version="1.0" encoding="UTF-8"?>
<!-- Generated by org.testng.reporters.JUnitReportReporter -->
<testsuite hostname="Samsung-PC" failures="0" tests="1" name="Vamsi_1.NewTest_1" time="14.495" errors="0" timestamp="2020-12-21T13:24:02 IST" skipped="0">
  <testcase classname="Vamsi_1.NewTest_1" name="Login" time="14.495"/>
  <system-out/>
</testsuite> <!-- Vamsi_1.NewTest_1 -->
