<?xml version="1.0" encoding="UTF-8"?>
<!-- Generated by org.testng.reporters.JUnitReportReporter -->
<testsuite hostname="Samsung-PC" failures="0" tests="1" name="Decem1.NewTest_9" time="13.094" errors="0" timestamp="2020-12-21T21:58:29 IST" skipped="0">
  <testcase classname="Decem1.NewTest_9" name="Login" time="13.094"/>
  <system-out/>
</testsuite> <!-- Decem1.NewTest_9 -->
